<?xml version="1.0" encoding="UTF-8"?>
<testsuite xmlns:xsi="http://www.w3.org/2001/XMLSchema-instance" xsi:noNamespaceSchemaLocation="https://maven.apache.org/surefire/maven-surefire-plugin/xsd/surefire-test-report.xsd" name="BookingTests" time="14.906" tests="8" errors="0" skipped="0" failures="0">
  <properties>
[...]
</properties>
  <testcase name="apiIsUpCheck_returnCreated" classname="BookingTests" time="2.758"/>
  <testcase name="getAllBookingIds_returnOk" classname="BookingTests" time="1.479"/>
  <testcase name="createBooking_WithValidData_returnOk" classname="BookingTests" time="2.61"/>
  <testcase name="createAuthToken" classname="BookingTests" time="1.667"/>
  <testcase name="getAllBookingsByUserFirstName_BookingExists_returnOk" classname="BookingTests" time="1.831"/>
  <testcase name="deleteBookingById_returnOk" classname="BookingTests" time="0.75"/>
  <testcase name="getAllBookingsByPrice_BookingExists_returnOk" classname="BookingTests" time="1.299"/>
  <testcase name="getBookingById_returnOk" classname="BookingTests" time="0.76"/>
</testsuite>